<?xml version="1.0" encoding="UTF-8"?>
<!-- Generated by org.testng.reporters.JUnitReportReporter -->
<testsuite hostname="BHANU-LAPTOP" failures="0" tests="1" name="scripts.Script1" time="4.925" errors="0" timestamp="2022-12-20T07:58:02 IST" skipped="0">
  <testcase classname="scripts.Script1" name="createCustomer" time="4.925"/>
  <system-out/>
</testsuite> <!-- scripts.Script1 -->
