<?xml version="1.0" encoding="UTF-8"?>
<!-- Generated by org.testng.reporters.JUnitReportReporter -->
<testsuite hostname="BHANU-LAPTOP" failures="0" tests="2" name="scripts.Script2" time="19.290" errors="0" timestamp="2022-12-19T09:02:16 IST" skipped="0">
  <testcase classname="scripts.Script2" name="deleteProduct" time="6.107"/>
  <system-out/>
  <testcase classname="scripts.Script2" name="deleteProduct" time="13.183"/>
  <system-out/>
</testsuite> <!-- scripts.Script2 -->
