<?xml version="1.0" encoding="UTF-8"?>
<!-- Generated by org.testng.reporters.JUnitReportReporter -->
<testsuite hostname="LAP000471" failures="0" tests="1" name="scripts.ValidLogin" time="18.272" errors="0" timestamp="2023-02-08T17:02:04 IST" skipped="0">
  <testcase classname="scripts.ValidLogin" name="testValidLogin" time="18.272"/>
  <system-out/>
</testsuite> <!-- scripts.ValidLogin -->
